<?xml version="1.0" encoding="UTF-8"?>
<testsuite xmlns:xsi="http://www.w3.org/2001/XMLSchema-instance" xsi:noNamespaceSchemaLocation="https://maven.apache.org/surefire/maven-surefire-plugin/xsd/surefire-test-report-3.0.xsd" version="3.0" name="de.flix29.sproutdemo.ControllerTest" time="0.353" tests="12" errors="0" skipped="0" failures="0">
  <properties>
[...]
</properties>
  <testcase name="getAllReturnsEmptyListWhenNoProducts" classname="de.flix29.sproutdemo.ControllerTest" time="0.057">
    <system-out><![CDATA[2025-09-07T15:52:36.763+02:00  INFO 62969 --- [Sprout-Demo] [           main] t.c.s.AnnotationConfigContextLoaderUtils : Could not detect default configuration classes for test class [de.flix29.sproutdemo.ControllerTest]: ControllerTest does not declare any static, non-private, non-final, nested classes annotated with @Configuration.
2025-09-07T15:52:36.774+02:00  INFO 62969 --- [Sprout-Demo] [           main] .b.t.c.SpringBootTestContextBootstrapper : Found @SpringBootConfiguration de.flix29.sproutdemo.SproutDemoApplication for test class de.flix29.sproutdemo.ControllerTest

  .   ____          _            __ _ _
 /\\ / ___'_ __ _ _(_)_ __  __ _ \ \ \ \
( ( )\___ | '_ | '_| | '_ \/ _` | \ \ \ \
 \\/  ___)| |_)| | | | | || (_| |  ) ) ) )
  '  |____| .__|_| |_|_| |_\__, | / / / /
 =========|_|==============|___/=/_/_/_/

 :: Spring Boot ::                (v3.5.5)

2025-09-07T15:52:36.790+02:00  INFO 62969 --- [Sprout-Demo] [           main] de.flix29.sproutdemo.ControllerTest      : Starting ControllerTest using Java 23.0.2 with PID 62969 (started by felix in /Users/felix/Documents/Entwicklung/Java/Sprout-Demo)
2025-09-07T15:52:36.790+02:00  INFO 62969 --- [Sprout-Demo] [           main] de.flix29.sproutdemo.ControllerTest      : No active profile set, falling back to 1 default profile: "default"
2025-09-07T15:52:36.967+02:00  INFO 62969 --- [Sprout-Demo] [           main] o.s.b.t.m.w.SpringBootMockServletContext : Initializing Spring TestDispatcherServlet ''
2025-09-07T15:52:36.968+02:00  INFO 62969 --- [Sprout-Demo] [           main] o.s.t.web.servlet.TestDispatcherServlet  : Initializing Servlet ''
2025-09-07T15:52:36.968+02:00  INFO 62969 --- [Sprout-Demo] [           main] o.s.t.web.servlet.TestDispatcherServlet  : Completed initialization in 0 ms
2025-09-07T15:52:36.976+02:00  INFO 62969 --- [Sprout-Demo] [           main] de.flix29.sproutdemo.ControllerTest      : Started ControllerTest in 0.198 seconds (process running for 3.559)
]]></system-out>
  </testcase>
  <testcase name="deleteReturnsNoContentWhenSuccessful" classname="de.flix29.sproutdemo.ControllerTest" time="0.007"/>
  <testcase name="updateReturnsNotFoundWhenMissing" classname="de.flix29.sproutdemo.ControllerTest" time="0.011"/>
  <testcase name="createInvalidMediaTypeReturnsUnsupportedMediaType" classname="de.flix29.sproutdemo.ControllerTest" time="0.003">
    <system-out><![CDATA[2025-09-07T15:52:37.058+02:00  WARN 62969 --- [Sprout-Demo] [           main] .w.s.m.s.DefaultHandlerExceptionResolver : Resolved [org.springframework.web.HttpMediaTypeNotSupportedException: Content-Type 'text/plain' is not supported]
]]></system-out>
  </testcase>
  <testcase name="createReturnsCreatedProduct" classname="de.flix29.sproutdemo.ControllerTest" time="0.004"/>
  <testcase name="getAllReturnsProducts" classname="de.flix29.sproutdemo.ControllerTest" time="0.003"/>
  <testcase name="createInvalidProductReturnsBadRequest" classname="de.flix29.sproutdemo.ControllerTest" time="0.02">
    <system-out><![CDATA[2025-09-07T15:52:37.086+02:00  WARN 62969 --- [Sprout-Demo] [           main] .w.s.m.s.DefaultHandlerExceptionResolver : Resolved [org.springframework.web.bind.MethodArgumentNotValidException: Validation failed for argument [0] in public org.springframework.http.ResponseEntity<de.flix29.sproutdemo.entities.ProductEntity> de.flix29.sproutdemo.entities.generated.controllers.SproutProductEntityController.create(de.flix29.sproutdemo.entities.ProductEntity) with 2 errors: [Field error in object 'productEntity' on field 'name': rejected value []; codes [NotBlank.productEntity.name,NotBlank.name,NotBlank.java.lang.String,NotBlank]; arguments [org.springframework.context.support.DefaultMessageSourceResolvable: codes [productEntity.name,name]; arguments []; default message [name]]; default message [must not be blank]] [Field error in object 'productEntity' on field 'price': rejected value [-1]; codes [DecimalMin.productEntity.price,DecimalMin.price,DecimalMin.java.math.BigDecimal,DecimalMin]; arguments [org.springframework.context.support.DefaultMessageSourceResolvable: codes [productEntity.price,price]; arguments []; default message [price],true,0.00]; default message [must be greater than or equal to 0.00]] ]
]]></system-out>
  </testcase>
  <testcase name="updateIgnoreIdInBody" classname="de.flix29.sproutdemo.ControllerTest" time="0.006"/>
  <testcase name="getByIdReturnsNotFoundWhenMissing" classname="de.flix29.sproutdemo.ControllerTest" time="0.005"/>
  <testcase name="updateReturnsUpdatedProduct" classname="de.flix29.sproutdemo.ControllerTest" time="0.004"/>
  <testcase name="getByIdReturnsProduct" classname="de.flix29.sproutdemo.ControllerTest" time="0.003"/>
  <testcase name="deleteReturnsNotFoundWhenMissing" classname="de.flix29.sproutdemo.ControllerTest" time="0.003"/>
</testsuite>